<?xml version="1.0" encoding="UTF-8"?>
<testng-results skipped="0" failed="0" ignored="0" total="1" passed="1">
  <reporter-output>
  </reporter-output>
  <suite name="Default suite" duration-ms="13572" started-at="2018-05-14T10:03:22Z" finished-at="2018-05-14T10:03:36Z">
    <groups>
    </groups>
    <test name="Default test" duration-ms="13572" started-at="2018-05-14T10:03:22Z" finished-at="2018-05-14T10:03:36Z">
      <class name="ActionAndFramesSel.Google">
        <test-method status="PASS" signature="setDrivePro()[pri:0, instance:ActionAndFramesSel.Google@475530b9]" name="setDrivePro" is-config="true" duration-ms="6213" started-at="2018-05-14T10:03:22Z" finished-at="2018-05-14T10:03:29Z">
          <reporter-output>
          </reporter-output>
        </test-method> <!-- setDrivePro -->
        <test-method status="PASS" signature="getURL()[pri:0, instance:ActionAndFramesSel.Google@475530b9]" name="getURL" is-config="true" duration-ms="6878" started-at="2018-05-14T10:03:29Z" finished-at="2018-05-14T10:03:35Z">
          <reporter-output>
          </reporter-output>
        </test-method> <!-- getURL -->
        <test-method status="PASS" signature="calulateBMI()[pri:0, instance:ActionAndFramesSel.Google@475530b9]" name="calulateBMI" duration-ms="456" started-at="2018-05-14T10:03:35Z" finished-at="2018-05-14T10:03:36Z">
          <reporter-output>
          </reporter-output>
        </test-method> <!-- calulateBMI -->
      </class> <!-- ActionAndFramesSel.Google -->
    </test> <!-- Default test -->
  </suite> <!-- Default suite -->
</testng-results>
