<?xml version="1.0" encoding="UTF-8"?>
<!-- Generated by org.testng.reporters.JUnitXMLReporter -->
<testsuite hostname="B2-LAP-DKSINGH" ignored="0" name="test" tests="9" failures="0" timestamp="26 Apr 2018 07:23:59 GMT" time="0.075" errors="0">
  <testcase name="demo1" time="0.005" classname="TestNG_Concept.TestNgBasic"/>
  <testcase name="demo2" time="0.002" classname="TestNG_Concept.TestNgBasic"/>
  <testcase name="MobileLogin" time="0.002" classname="TestNG_Concept.TestNGPriority"/>
  <testcase name="weblogin" time="0.003" classname="TestNG_Concept.TestNGPriority"/>
  <testcase name="cartPage1" time="0.0" classname="TestNG_Concept.TestNGPriority_p"/>
  <testcase name="cartPage2" time="0.002" classname="TestNG_Concept.TestNGPriority_p"/>
  <testcase name="cartPage3" time="0.003" classname="TestNG_Concept.TestNGPriority_p"/>
  <testcase name="cartPage4" time="0.003" classname="TestNG_Concept.TestNGPriority_p"/>
  <testcase name="homePage" time="0.002" classname="TestNG_Concept.TestNGPriority_p"/>
</testsuite> <!-- test -->
