<?xml version="1.0" encoding="UTF-8"?>
<!-- Generated by org.testng.reporters.JUnitXMLReporter -->
<testsuite hostname="B2-LAP-DKSINGH" ignored="0" name="TestNGInclude" tests="5" failures="0" timestamp="26 Apr 2018 07:23:59 GMT" time="0.015" errors="0">
  <testcase name="login" time="0.0" classname="TestNGInclude.DataProviderClass"/>
  <testcase name="execludeMe" time="0.0" classname="TestNGInclude.ExcludeClass"/>
  <testcase name="execludeMethod" time="0.002" classname="TestNGInclude.ExcludeClass"/>
  <testcase name="includeMe" time="0.003" classname="TestNGInclude.IncludeClass"/>
  <testcase name="includeMethod" time="0.002" classname="TestNGInclude.IncludeClass"/>
</testsuite> <!-- TestNGInclude -->
