<?xml version="1.0" encoding="UTF-8"?>
<testng-results skipped="0" failed="1" ignored="0" total="2" passed="1">
  <reporter-output>
  </reporter-output>
  <suite name="Default suite" duration-ms="54" started-at="2018-05-10T07:53:59Z" finished-at="2018-05-10T07:53:59Z">
    <groups>
    </groups>
    <test name="Default test" duration-ms="54" started-at="2018-05-10T07:53:59Z" finished-at="2018-05-10T07:53:59Z">
      <class name="TestNG_Concept.TestNgBasic">
        <test-method status="PASS" signature="beforeTest()[pri:0, instance:TestNG_Concept.TestNgBasic@57e1b0c]" name="beforeTest" is-config="true" duration-ms="18" started-at="2018-05-10T07:53:59Z" finished-at="2018-05-10T07:53:59Z">
          <reporter-output>
          </reporter-output>
        </test-method> <!-- beforeTest -->
        <test-method status="PASS" signature="beforeClass()[pri:0, instance:TestNG_Concept.TestNgBasic@57e1b0c]" name="beforeClass" is-config="true" duration-ms="0" started-at="2018-05-10T07:53:59Z" finished-at="2018-05-10T07:53:59Z">
          <reporter-output>
          </reporter-output>
        </test-method> <!-- beforeClass -->
        <test-method status="PASS" signature="demo1()[pri:0, instance:TestNG_Concept.TestNgBasic@57e1b0c]" name="demo1" duration-ms="3" started-at="2018-05-10T07:53:59Z" finished-at="2018-05-10T07:53:59Z">
          <reporter-output>
          </reporter-output>
        </test-method> <!-- demo1 -->
        <test-method status="FAIL" signature="demo2(java.lang.String)[pri:0, instance:TestNG_Concept.TestNgBasic@57e1b0c]" name="demo2" duration-ms="0" started-at="2018-05-10T07:53:59Z" finished-at="2018-05-10T07:53:59Z">
          <exception class="org.testng.TestNGException">
            <message>
              <![CDATA[
Parameter 'URL' is required by @Test on method demo2 but has not been marked @Optional or defined
in C:\Users\dksingh\AppData\Local\Temp\testng-eclipse--1294547122\testng-customsuite.xml]]>
            </message>
            <full-stacktrace>
              <![CDATA[org.testng.TestNGException: 
Parameter 'URL' is required by @Test on method demo2 but has not been marked @Optional or defined
in C:\Users\dksingh\AppData\Local\Temp\testng-eclipse--1294547122\testng-customsuite.xml
at org.testng.internal.Parameters.createParams(Parameters.java:290)
at org.testng.internal.Parameters.createParametersForMethod(Parameters.java:359)
at org.testng.internal.Parameters.createParameters(Parameters.java:620)
at org.testng.internal.Parameters.handleParameters(Parameters.java:769)
at org.testng.internal.ParameterHandler.handleParameters(ParameterHandler.java:49)
at org.testng.internal.ParameterHandler.createParameters(ParameterHandler.java:37)
at org.testng.internal.Invoker.invokeTestMethods(Invoker.java:923)
at org.testng.internal.TestMethodWorker.invokeTestMethods(TestMethodWorker.java:125)
at org.testng.internal.TestMethodWorker.run(TestMethodWorker.java:109)
at org.testng.TestRunner.privateRun(TestRunner.java:648)
at org.testng.TestRunner.run(TestRunner.java:505)
at org.testng.SuiteRunner.runTest(SuiteRunner.java:455)
at org.testng.SuiteRunner.runSequentially(SuiteRunner.java:450)
at org.testng.SuiteRunner.privateRun(SuiteRunner.java:415)
at org.testng.SuiteRunner.run(SuiteRunner.java:364)
at org.testng.SuiteRunnerWorker.runSuite(SuiteRunnerWorker.java:52)
at org.testng.SuiteRunnerWorker.run(SuiteRunnerWorker.java:84)
at org.testng.TestNG.runSuitesSequentially(TestNG.java:1208)
at org.testng.TestNG.runSuitesLocally(TestNG.java:1137)
at org.testng.TestNG.runSuites(TestNG.java:1049)
at org.testng.TestNG.run(TestNG.java:1017)
at org.testng.remote.AbstractRemoteTestNG.run(AbstractRemoteTestNG.java:114)
at org.testng.remote.RemoteTestNG.initAndRun(RemoteTestNG.java:251)
at org.testng.remote.RemoteTestNG.main(RemoteTestNG.java:77)
]]>
            </full-stacktrace>
          </exception> <!-- org.testng.TestNGException -->
          <reporter-output>
          </reporter-output>
        </test-method> <!-- demo2 -->
        <test-method status="PASS" signature="afterMethod()[pri:0, instance:TestNG_Concept.TestNgBasic@57e1b0c]" name="afterMethod" is-config="true" duration-ms="0" started-at="2018-05-10T07:53:59Z" finished-at="2018-05-10T07:53:59Z">
          <reporter-output>
          </reporter-output>
        </test-method> <!-- afterMethod -->
      </class> <!-- TestNG_Concept.TestNgBasic -->
    </test> <!-- Default test -->
  </suite> <!-- Default suite -->
</testng-results>
