<?xml version="1.0" encoding="UTF-8"?>
<!-- Generated by org.testng.reporters.JUnitXMLReporter -->
<testsuite hostname="B2-LAP-DKSINGH" ignored="1" name="priority-p" tests="4" failures="0" timestamp="23 Apr 2018 12:36:59 GMT" time="0.025" errors="0">
  <testcase name="cartPage1" time="0.001" classname="TestNG_Concept.TestNGPriority_p"/>
  <testcase name="cartPage2" time="0.006" classname="TestNG_Concept.TestNGPriority_p"/>
  <testcase name="cartPage3" time="0.001" classname="TestNG_Concept.TestNGPriority_p"/>
  <testcase name="cartPage4" time="0.001" classname="TestNG_Concept.TestNGPriority_p"/>
  <testcase name="homePage" time="0.0" classname="TestNG_Concept.TestNGPriority_p">
    <ignored/>
  </testcase> <!-- homePage -->
</testsuite> <!-- priority-p -->
