<?xml version="1.0" encoding="UTF-8"?>
<!-- Generated by org.testng.reporters.JUnitXMLReporter -->
<testsuite hostname="B2-LAP-DKSINGH" ignored="0" name="Test" tests="17" failures="0" timestamp="26 Apr 2018 07:43:23 GMT" time="0.108" errors="0">
  <testcase name="MobileLogin" time="0.008" classname="TestNG_Concept.TestNGPriority"/>
  <testcase name="weblogin" time="0.0" classname="TestNG_Concept.TestNGPriority"/>
  <testcase name="execludeMe" time="0.003" classname="TestNGInclude.ExcludeClass"/>
  <testcase name="execludeMethod" time="0.0" classname="TestNGInclude.ExcludeClass"/>
  <testcase name="demo1" time="0.002" classname="TestNG_Concept.TestNgBasic"/>
  <testcase name="demo2" time="0.003" classname="TestNG_Concept.TestNgBasic"/>
  <testcase name="Validat" time="0.0" classname="TestNGInclude.DataProviderClass"/>
  <testcase name="Validat" time="0.003" classname="TestNGInclude.DataProviderClass"/>
  <testcase name="Validat" time="0.0" classname="TestNGInclude.DataProviderClass"/>
  <testcase name="login" time="0.003" classname="TestNGInclude.DataProviderClass"/>
  <testcase name="cartPage1" time="0.0" classname="TestNG_Concept.TestNGPriority_p"/>
  <testcase name="cartPage2" time="0.0" classname="TestNG_Concept.TestNGPriority_p"/>
  <testcase name="cartPage3" time="0.0" classname="TestNG_Concept.TestNGPriority_p"/>
  <testcase name="cartPage4" time="0.0" classname="TestNG_Concept.TestNGPriority_p"/>
  <testcase name="homePage" time="0.0" classname="TestNG_Concept.TestNGPriority_p"/>
  <testcase name="includeMe" time="0.0" classname="TestNGInclude.IncludeClass"/>
  <testcase name="includeMethod" time="0.0" classname="TestNGInclude.IncludeClass"/>
</testsuite> <!-- Test -->
